0 info it worked if it ends with ok
1 verbose cli [ '/home/garimab/.nvm/versions/node/v7.1.0/bin/node',
1 verbose cli   '/home/garimab/.nvm/versions/node/v7.1.0/bin/npm',
1 verbose cli   'run',
1 verbose cli   'build' ]
2 info using npm@3.10.9
3 info using node@v7.1.0
4 verbose run-script [ 'prebuild', 'build', 'postbuild' ]
5 info lifecycle react-rollup-boiler-plate@1.0.0~prebuild: react-rollup-boiler-plate@1.0.0
6 silly lifecycle react-rollup-boiler-plate@1.0.0~prebuild: no script for prebuild, continuing
7 info lifecycle react-rollup-boiler-plate@1.0.0~build: react-rollup-boiler-plate@1.0.0
8 verbose lifecycle react-rollup-boiler-plate@1.0.0~build: unsafe-perm in lifecycle true
9 verbose lifecycle react-rollup-boiler-plate@1.0.0~build: PATH: /home/garimab/.nvm/versions/node/v7.1.0/lib/node_modules/npm/bin/node-gyp-bin:/home/garimab/Projects/react-rollup-boiler-plate/node_modules/.bin:/home/garimab/.nvm/versions/node/v7.1.0/bin:/home/garimab/bin:/home/garimab/.local/bin:/usr/local/sbin:/usr/local/bin:/usr/sbin:/usr/bin:/sbin:/bin:/usr/games:/usr/local/games:/snap/bin
10 verbose lifecycle react-rollup-boiler-plate@1.0.0~build: CWD: /home/garimab/Projects/react-rollup-boiler-plate
11 silly lifecycle react-rollup-boiler-plate@1.0.0~build: Args: [ '-c', 'rollup -c --watch' ]
12 silly lifecycle react-rollup-boiler-plate@1.0.0~build: Returned: code: 1  signal: null
13 info lifecycle react-rollup-boiler-plate@1.0.0~build: Failed to exec build script
14 verbose stack Error: react-rollup-boiler-plate@1.0.0 build: `rollup -c --watch`
14 verbose stack Exit status 1
14 verbose stack     at EventEmitter.<anonymous> (/home/garimab/.nvm/versions/node/v7.1.0/lib/node_modules/npm/lib/utils/lifecycle.js:255:16)
14 verbose stack     at emitTwo (events.js:106:13)
14 verbose stack     at EventEmitter.emit (events.js:191:7)
14 verbose stack     at ChildProcess.<anonymous> (/home/garimab/.nvm/versions/node/v7.1.0/lib/node_modules/npm/lib/utils/spawn.js:40:14)
14 verbose stack     at emitTwo (events.js:106:13)
14 verbose stack     at ChildProcess.emit (events.js:191:7)
14 verbose stack     at maybeClose (internal/child_process.js:885:16)
14 verbose stack     at Process.ChildProcess._handle.onexit (internal/child_process.js:226:5)
15 verbose pkgid react-rollup-boiler-plate@1.0.0
16 verbose cwd /home/garimab/Projects/react-rollup-boiler-plate
17 error Linux 4.13.0-39-generic
18 error argv "/home/garimab/.nvm/versions/node/v7.1.0/bin/node" "/home/garimab/.nvm/versions/node/v7.1.0/bin/npm" "run" "build"
19 error node v7.1.0
20 error npm  v3.10.9
21 error code ELIFECYCLE
22 error react-rollup-boiler-plate@1.0.0 build: `rollup -c --watch`
22 error Exit status 1
23 error Failed at the react-rollup-boiler-plate@1.0.0 build script 'rollup -c --watch'.
23 error Make sure you have the latest version of node.js and npm installed.
23 error If you do, this is most likely a problem with the react-rollup-boiler-plate package,
23 error not with npm itself.
23 error Tell the author that this fails on your system:
23 error     rollup -c --watch
23 error You can get information on how to open an issue for this project with:
23 error     npm bugs react-rollup-boiler-plate
23 error Or if that isn't available, you can get their info via:
23 error     npm owner ls react-rollup-boiler-plate
23 error There is likely additional logging output above.
24 verbose exit [ 1, true ]
